!SESSION 2009-06-25 12:21:47.899 -----------------------------------------------
eclipse.buildId=unknown
java.version=1.6.0_10
java.vendor=Sun Microsystems Inc.
BootLoader constants: OS=linux, ARCH=x86, WS=motif, NL=fr_FR

!ENTRY com.manning.sdmia.osgi-ressource-search 4 0 2009-06-25 13:21:26.079
!MESSAGE FrameworkEvent.ERROR
!STACK 0
org.osgi.framework.BundleException: Exception in com.manning.sdmia.osgi.resources.ResourceSearchActivator.start() of bundle com.manning.sdmia.osgi-ressource-search.
	at org.eclipse.osgi.framework.internal.core.BundleContextImpl.startActivator(BundleContextImpl.java:1010)
	at org.eclipse.osgi.framework.internal.core.BundleContextImpl.start(BundleContextImpl.java:966)
	at org.eclipse.osgi.framework.internal.core.BundleHost.startWorker(BundleHost.java:317)
	at org.eclipse.osgi.framework.internal.core.AbstractBundle.updateWorker(AbstractBundle.java:673)
	at org.eclipse.osgi.framework.internal.core.AbstractBundle.update(AbstractBundle.java:584)
	at org.eclipse.osgi.framework.internal.core.FrameworkCommandProvider._update(FrameworkCommandProvider.java:357)
	at sun.reflect.NativeMethodAccessorImpl.invoke0(Native Method)
	at sun.reflect.NativeMethodAccessorImpl.invoke(NativeMethodAccessorImpl.java:39)
	at sun.reflect.DelegatingMethodAccessorImpl.invoke(DelegatingMethodAccessorImpl.java:25)
	at java.lang.reflect.Method.invoke(Method.java:597)
	at org.eclipse.osgi.framework.internal.core.FrameworkCommandInterpreter.execute(FrameworkCommandInterpreter.java:145)
	at org.eclipse.osgi.framework.internal.core.FrameworkConsole.docommand(FrameworkConsole.java:293)
	at org.eclipse.osgi.framework.internal.core.FrameworkConsole.console(FrameworkConsole.java:278)
	at org.eclipse.osgi.framework.internal.core.FrameworkConsole.run(FrameworkConsole.java:213)
	at java.lang.Thread.run(Thread.java:619)
Caused by: java.lang.ClassCastException: java.net.URL cannot be cast to java.lang.String
	at com.manning.sdmia.osgi.resources.ResourceSearchActivator.searchResources(ResourceSearchActivator.java:48)
	at com.manning.sdmia.osgi.resources.ResourceSearchActivator.start(ResourceSearchActivator.java:23)
	at org.eclipse.osgi.framework.internal.core.BundleContextImpl$2.run(BundleContextImpl.java:991)
	at java.security.AccessController.doPrivileged(Native Method)
	at org.eclipse.osgi.framework.internal.core.BundleContextImpl.startActivator(BundleContextImpl.java:985)
	... 14 more
Root exception:
java.lang.ClassCastException: java.net.URL cannot be cast to java.lang.String
	at com.manning.sdmia.osgi.resources.ResourceSearchActivator.searchResources(ResourceSearchActivator.java:48)
	at com.manning.sdmia.osgi.resources.ResourceSearchActivator.start(ResourceSearchActivator.java:23)
	at org.eclipse.osgi.framework.internal.core.BundleContextImpl$2.run(BundleContextImpl.java:991)
	at java.security.AccessController.doPrivileged(Native Method)
	at org.eclipse.osgi.framework.internal.core.BundleContextImpl.startActivator(BundleContextImpl.java:985)
	at org.eclipse.osgi.framework.internal.core.BundleContextImpl.start(BundleContextImpl.java:966)
	at org.eclipse.osgi.framework.internal.core.BundleHost.startWorker(BundleHost.java:317)
	at org.eclipse.osgi.framework.internal.core.AbstractBundle.updateWorker(AbstractBundle.java:673)
	at org.eclipse.osgi.framework.internal.core.AbstractBundle.update(AbstractBundle.java:584)
	at org.eclipse.osgi.framework.internal.core.FrameworkCommandProvider._update(FrameworkCommandProvider.java:357)
	at sun.reflect.NativeMethodAccessorImpl.invoke0(Native Method)
	at sun.reflect.NativeMethodAccessorImpl.invoke(NativeMethodAccessorImpl.java:39)
	at sun.reflect.DelegatingMethodAccessorImpl.invoke(DelegatingMethodAccessorImpl.java:25)
	at java.lang.reflect.Method.invoke(Method.java:597)
	at org.eclipse.osgi.framework.internal.core.FrameworkCommandInterpreter.execute(FrameworkCommandInterpreter.java:145)
	at org.eclipse.osgi.framework.internal.core.FrameworkConsole.docommand(FrameworkConsole.java:293)
	at org.eclipse.osgi.framework.internal.core.FrameworkConsole.console(FrameworkConsole.java:278)
	at org.eclipse.osgi.framework.internal.core.FrameworkConsole.run(FrameworkConsole.java:213)
	at java.lang.Thread.run(Thread.java:619)

!ENTRY com.manning.sdmia.osgi-consuming-services 4 0 2009-06-25 14:58:42.303
!MESSAGE FrameworkEvent.ERROR
!STACK 0
org.osgi.framework.BundleException: The activator com.manning.sdmia.osgi.services.consuming.ServicesConsumingActivator for bundle com.manning.sdmia.osgi-consuming-services is invalid
	at org.eclipse.osgi.framework.internal.core.AbstractBundle.loadBundleActivator(AbstractBundle.java:141)
	at org.eclipse.osgi.framework.internal.core.BundleContextImpl.start(BundleContextImpl.java:962)
	at org.eclipse.osgi.framework.internal.core.BundleHost.startWorker(BundleHost.java:317)
	at org.eclipse.osgi.framework.internal.core.AbstractBundle.updateWorker(AbstractBundle.java:673)
	at org.eclipse.osgi.framework.internal.core.AbstractBundle.update(AbstractBundle.java:584)
	at org.eclipse.osgi.framework.internal.core.FrameworkCommandProvider._update(FrameworkCommandProvider.java:357)
	at sun.reflect.NativeMethodAccessorImpl.invoke0(Native Method)
	at sun.reflect.NativeMethodAccessorImpl.invoke(NativeMethodAccessorImpl.java:39)
	at sun.reflect.DelegatingMethodAccessorImpl.invoke(DelegatingMethodAccessorImpl.java:25)
	at java.lang.reflect.Method.invoke(Method.java:597)
	at org.eclipse.osgi.framework.internal.core.FrameworkCommandInterpreter.execute(FrameworkCommandInterpreter.java:145)
	at org.eclipse.osgi.framework.internal.core.FrameworkConsole.docommand(FrameworkConsole.java:293)
	at org.eclipse.osgi.framework.internal.core.FrameworkConsole.console(FrameworkConsole.java:278)
	at org.eclipse.osgi.framework.internal.core.FrameworkConsole.run(FrameworkConsole.java:213)
	at java.lang.Thread.run(Thread.java:619)
Caused by: java.lang.ClassNotFoundException: com.manning.sdmia.osgi.services.consuming.ServicesConsumingActivator
	at org.eclipse.osgi.framework.internal.core.BundleLoader.findClass(BundleLoader.java:377)
	at org.eclipse.osgi.framework.internal.core.BundleLoader.findClass(BundleLoader.java:347)
	at org.eclipse.osgi.internal.baseadaptor.DefaultClassLoader.loadClass(DefaultClassLoader.java:83)
	at java.lang.ClassLoader.loadClass(ClassLoader.java:252)
	at org.eclipse.osgi.framework.internal.core.BundleLoader.loadClass(BundleLoader.java:278)
	at org.eclipse.osgi.framework.internal.core.BundleHost.loadClass(BundleHost.java:227)
	at org.eclipse.osgi.framework.internal.core.AbstractBundle.loadBundleActivator(AbstractBundle.java:134)
	... 14 more
Root exception:
java.lang.ClassNotFoundException: com.manning.sdmia.osgi.services.consuming.ServicesConsumingActivator
	at org.eclipse.osgi.framework.internal.core.BundleLoader.findClass(BundleLoader.java:377)
	at org.eclipse.osgi.framework.internal.core.BundleLoader.findClass(BundleLoader.java:347)
	at org.eclipse.osgi.internal.baseadaptor.DefaultClassLoader.loadClass(DefaultClassLoader.java:83)
	at java.lang.ClassLoader.loadClass(ClassLoader.java:252)
	at org.eclipse.osgi.framework.internal.core.BundleLoader.loadClass(BundleLoader.java:278)
	at org.eclipse.osgi.framework.internal.core.BundleHost.loadClass(BundleHost.java:227)
	at org.eclipse.osgi.framework.internal.core.AbstractBundle.loadBundleActivator(AbstractBundle.java:134)
	at org.eclipse.osgi.framework.internal.core.BundleContextImpl.start(BundleContextImpl.java:962)
	at org.eclipse.osgi.framework.internal.core.BundleHost.startWorker(BundleHost.java:317)
	at org.eclipse.osgi.framework.internal.core.AbstractBundle.updateWorker(AbstractBundle.java:673)
	at org.eclipse.osgi.framework.internal.core.AbstractBundle.update(AbstractBundle.java:584)
	at org.eclipse.osgi.framework.internal.core.FrameworkCommandProvider._update(FrameworkCommandProvider.java:357)
	at sun.reflect.NativeMethodAccessorImpl.invoke0(Native Method)
	at sun.reflect.NativeMethodAccessorImpl.invoke(NativeMethodAccessorImpl.java:39)
	at sun.reflect.DelegatingMethodAccessorImpl.invoke(DelegatingMethodAccessorImpl.java:25)
	at java.lang.reflect.Method.invoke(Method.java:597)
	at org.eclipse.osgi.framework.internal.core.FrameworkCommandInterpreter.execute(FrameworkCommandInterpreter.java:145)
	at org.eclipse.osgi.framework.internal.core.FrameworkConsole.docommand(FrameworkConsole.java:293)
	at org.eclipse.osgi.framework.internal.core.FrameworkConsole.console(FrameworkConsole.java:278)
	at org.eclipse.osgi.framework.internal.core.FrameworkConsole.run(FrameworkConsole.java:213)
	at java.lang.Thread.run(Thread.java:619)
